  Source.cpp
C:\Users\Sachin\source\repos\Original\Original\Source.cpp(41,30): warning C4305: 'argument': truncation from 'double' to 'GLfloat'
C:\Users\Sachin\source\repos\Original\Original\Source.cpp(53,30): warning C4305: 'argument': truncation from 'double' to 'GLfloat'
C:\Users\Sachin\source\repos\Original\Original\Source.cpp(53,20): warning C4244: 'argument': conversion from 'int' to 'GLfloat', possible loss of data
C:\Users\Sachin\source\repos\Original\Original\Source.cpp(54,30): warning C4305: 'argument': truncation from 'double' to 'GLfloat'
C:\Users\Sachin\source\repos\Original\Original\Source.cpp(54,20): warning C4244: 'argument': conversion from 'int' to 'GLfloat', possible loss of data
C:\Users\Sachin\source\repos\Original\Original\Source.cpp(55,34): warning C4305: 'argument': truncation from 'double' to 'GLfloat'
C:\Users\Sachin\source\repos\Original\Original\Source.cpp(55,22): warning C4244: 'argument': conversion from 'int' to 'GLfloat', possible loss of data
C:\Users\Sachin\source\repos\Original\Original\Source.cpp(56,34): warning C4305: 'argument': truncation from 'double' to 'GLfloat'
C:\Users\Sachin\source\repos\Original\Original\Source.cpp(56,22): warning C4244: 'argument': conversion from 'int' to 'GLfloat', possible loss of data
C:\Users\Sachin\source\repos\Original\Original\Source.cpp(62,28): warning C4244: 'argument': conversion from 'int' to 'GLfloat', possible loss of data
C:\Users\Sachin\source\repos\Original\Original\Source.cpp(62,29): warning C4305: 'argument': truncation from 'double' to 'GLfloat'
C:\Users\Sachin\source\repos\Original\Original\Source.cpp(63,28): warning C4244: 'argument': conversion from 'int' to 'GLfloat', possible loss of data
C:\Users\Sachin\source\repos\Original\Original\Source.cpp(63,29): warning C4305: 'argument': truncation from 'double' to 'GLfloat'
C:\Users\Sachin\source\repos\Original\Original\Source.cpp(64,30): warning C4244: 'argument': conversion from 'int' to 'GLfloat', possible loss of data
C:\Users\Sachin\source\repos\Original\Original\Source.cpp(64,33): warning C4305: 'argument': truncation from 'double' to 'GLfloat'
C:\Users\Sachin\source\repos\Original\Original\Source.cpp(65,30): warning C4244: 'argument': conversion from 'int' to 'GLfloat', possible loss of data
C:\Users\Sachin\source\repos\Original\Original\Source.cpp(65,33): warning C4305: 'argument': truncation from 'double' to 'GLfloat'
C:\Users\Sachin\source\repos\Original\Original\Source.cpp(70,29): warning C4305: 'argument': truncation from 'double' to 'GLfloat'
C:\Users\Sachin\source\repos\Original\Original\Source.cpp(74,29): warning C4244: 'argument': conversion from 'int' to 'GLfloat', possible loss of data
C:\Users\Sachin\source\repos\Original\Original\Source.cpp(74,30): warning C4305: 'argument': truncation from 'double' to 'GLfloat'
C:\Users\Sachin\source\repos\Original\Original\Source.cpp(75,29): warning C4244: 'argument': conversion from 'int' to 'GLfloat', possible loss of data
C:\Users\Sachin\source\repos\Original\Original\Source.cpp(75,30): warning C4305: 'argument': truncation from 'double' to 'GLfloat'
C:\Users\Sachin\source\repos\Original\Original\Source.cpp(76,31): warning C4244: 'argument': conversion from 'int' to 'GLfloat', possible loss of data
C:\Users\Sachin\source\repos\Original\Original\Source.cpp(76,34): warning C4305: 'argument': truncation from 'double' to 'GLfloat'
C:\Users\Sachin\source\repos\Original\Original\Source.cpp(77,31): warning C4244: 'argument': conversion from 'int' to 'GLfloat', possible loss of data
C:\Users\Sachin\source\repos\Original\Original\Source.cpp(77,34): warning C4305: 'argument': truncation from 'double' to 'GLfloat'
C:\Users\Sachin\source\repos\Original\Original\Source.cpp(82,28): warning C4305: 'argument': truncation from 'double' to 'GLfloat'
C:\Users\Sachin\source\repos\Original\Original\Source.cpp(86,29): warning C4305: 'argument': truncation from 'double' to 'GLfloat'
C:\Users\Sachin\source\repos\Original\Original\Source.cpp(86,20): warning C4244: 'argument': conversion from 'int' to 'GLfloat', possible loss of data
C:\Users\Sachin\source\repos\Original\Original\Source.cpp(87,29): warning C4305: 'argument': truncation from 'double' to 'GLfloat'
C:\Users\Sachin\source\repos\Original\Original\Source.cpp(87,20): warning C4244: 'argument': conversion from 'int' to 'GLfloat', possible loss of data
C:\Users\Sachin\source\repos\Original\Original\Source.cpp(88,33): warning C4305: 'argument': truncation from 'double' to 'GLfloat'
C:\Users\Sachin\source\repos\Original\Original\Source.cpp(88,22): warning C4244: 'argument': conversion from 'int' to 'GLfloat', possible loss of data
C:\Users\Sachin\source\repos\Original\Original\Source.cpp(89,33): warning C4305: 'argument': truncation from 'double' to 'GLfloat'
C:\Users\Sachin\source\repos\Original\Original\Source.cpp(89,22): warning C4244: 'argument': conversion from 'int' to 'GLfloat', possible loss of data
C:\Users\Sachin\source\repos\Original\Original\Source.cpp(96,30): warning C4244: 'argument': conversion from 'int' to 'GLfloat', possible loss of data
C:\Users\Sachin\source\repos\Original\Original\Source.cpp(97,34): warning C4305: 'argument': truncation from 'double' to 'GLfloat'
C:\Users\Sachin\source\repos\Original\Original\Source.cpp(104,34): warning C4305: 'argument': truncation from 'double' to 'GLfloat'
C:\Users\Sachin\source\repos\Original\Original\Source.cpp(115,34): warning C4305: 'argument': truncation from 'double' to 'GLfloat'
C:\Users\Sachin\source\repos\Original\Original\Source.cpp(115,24): warning C4244: 'argument': conversion from 'int' to 'GLfloat', possible loss of data
C:\Users\Sachin\source\repos\Original\Original\Source.cpp(116,34): warning C4305: 'argument': truncation from 'double' to 'GLfloat'
C:\Users\Sachin\source\repos\Original\Original\Source.cpp(116,24): warning C4244: 'argument': conversion from 'int' to 'GLfloat', possible loss of data
C:\Users\Sachin\source\repos\Original\Original\Source.cpp(117,38): warning C4305: 'argument': truncation from 'double' to 'GLfloat'
C:\Users\Sachin\source\repos\Original\Original\Source.cpp(117,26): warning C4244: 'argument': conversion from 'int' to 'GLfloat', possible loss of data
C:\Users\Sachin\source\repos\Original\Original\Source.cpp(118,38): warning C4305: 'argument': truncation from 'double' to 'GLfloat'
C:\Users\Sachin\source\repos\Original\Original\Source.cpp(118,26): warning C4244: 'argument': conversion from 'int' to 'GLfloat', possible loss of data
C:\Users\Sachin\source\repos\Original\Original\Source.cpp(123,34): warning C4305: 'argument': truncation from 'double' to 'GLfloat'
C:\Users\Sachin\source\repos\Original\Original\Source.cpp(130,34): warning C4305: 'argument': truncation from 'double' to 'GLfloat'
C:\Users\Sachin\source\repos\Original\Original\Source.cpp(141,33): warning C4244: 'argument': conversion from 'int' to 'GLfloat', possible loss of data
C:\Users\Sachin\source\repos\Original\Original\Source.cpp(141,34): warning C4305: 'argument': truncation from 'double' to 'GLfloat'
C:\Users\Sachin\source\repos\Original\Original\Source.cpp(142,33): warning C4244: 'argument': conversion from 'int' to 'GLfloat', possible loss of data
C:\Users\Sachin\source\repos\Original\Original\Source.cpp(142,34): warning C4305: 'argument': truncation from 'double' to 'GLfloat'
C:\Users\Sachin\source\repos\Original\Original\Source.cpp(143,35): warning C4244: 'argument': conversion from 'int' to 'GLfloat', possible loss of data
C:\Users\Sachin\source\repos\Original\Original\Source.cpp(143,38): warning C4305: 'argument': truncation from 'double' to 'GLfloat'
C:\Users\Sachin\source\repos\Original\Original\Source.cpp(144,35): warning C4244: 'argument': conversion from 'int' to 'GLfloat', possible loss of data
C:\Users\Sachin\source\repos\Original\Original\Source.cpp(144,38): warning C4305: 'argument': truncation from 'double' to 'GLfloat'
C:\Users\Sachin\source\repos\Original\Original\Source.cpp(148,34): warning C4305: 'argument': truncation from 'double' to 'GLfloat'
C:\Users\Sachin\source\repos\Original\Original\Source.cpp(155,34): warning C4305: 'argument': truncation from 'double' to 'GLfloat'
C:\Users\Sachin\source\repos\Original\Original\Source.cpp(166,33): warning C4305: 'argument': truncation from 'double' to 'GLfloat'
C:\Users\Sachin\source\repos\Original\Original\Source.cpp(166,24): warning C4244: 'argument': conversion from 'int' to 'GLfloat', possible loss of data
C:\Users\Sachin\source\repos\Original\Original\Source.cpp(167,33): warning C4305: 'argument': truncation from 'double' to 'GLfloat'
C:\Users\Sachin\source\repos\Original\Original\Source.cpp(167,24): warning C4244: 'argument': conversion from 'int' to 'GLfloat', possible loss of data
C:\Users\Sachin\source\repos\Original\Original\Source.cpp(168,37): warning C4305: 'argument': truncation from 'double' to 'GLfloat'
C:\Users\Sachin\source\repos\Original\Original\Source.cpp(168,26): warning C4244: 'argument': conversion from 'int' to 'GLfloat', possible loss of data
C:\Users\Sachin\source\repos\Original\Original\Source.cpp(169,37): warning C4305: 'argument': truncation from 'double' to 'GLfloat'
C:\Users\Sachin\source\repos\Original\Original\Source.cpp(169,26): warning C4244: 'argument': conversion from 'int' to 'GLfloat', possible loss of data
C:\Users\Sachin\source\repos\Original\Original\Source.cpp(173,34): warning C4305: 'argument': truncation from 'double' to 'GLfloat'
C:\Users\Sachin\source\repos\Original\Original\Source.cpp(180,34): warning C4305: 'argument': truncation from 'double' to 'GLfloat'
C:\Users\Sachin\source\repos\Original\Original\Source.cpp(191,32): warning C4244: 'argument': conversion from 'int' to 'GLfloat', possible loss of data
C:\Users\Sachin\source\repos\Original\Original\Source.cpp(191,33): warning C4305: 'argument': truncation from 'double' to 'GLfloat'
C:\Users\Sachin\source\repos\Original\Original\Source.cpp(192,32): warning C4244: 'argument': conversion from 'int' to 'GLfloat', possible loss of data
C:\Users\Sachin\source\repos\Original\Original\Source.cpp(192,33): warning C4305: 'argument': truncation from 'double' to 'GLfloat'
C:\Users\Sachin\source\repos\Original\Original\Source.cpp(193,34): warning C4244: 'argument': conversion from 'int' to 'GLfloat', possible loss of data
C:\Users\Sachin\source\repos\Original\Original\Source.cpp(193,37): warning C4305: 'argument': truncation from 'double' to 'GLfloat'
C:\Users\Sachin\source\repos\Original\Original\Source.cpp(194,34): warning C4244: 'argument': conversion from 'int' to 'GLfloat', possible loss of data
C:\Users\Sachin\source\repos\Original\Original\Source.cpp(194,37): warning C4305: 'argument': truncation from 'double' to 'GLfloat'
C:\Users\Sachin\source\repos\Original\Original\Source.cpp(217,46): warning C4309: 'default argument': truncation of constant value
C:\Users\Sachin\source\repos\Original\Original\Source.cpp(220,1): warning C4305: 'argument': truncation from 'double' to 'GLfloat'
C:\Users\Sachin\source\repos\Original\Original\Source.cpp(256,1): warning C4305: 'argument': truncation from 'double' to 'GLfloat'
C:\Users\Sachin\source\repos\Original\Original\Source.cpp(257,1): warning C4305: 'argument': truncation from 'double' to 'GLfloat'
C:\Users\Sachin\source\repos\Original\Original\Source.cpp(258,1): warning C4305: 'argument': truncation from 'double' to 'GLfloat'
C:\Users\Sachin\source\repos\Original\Original\Source.cpp(259,1): warning C4305: 'argument': truncation from 'double' to 'GLfloat'
C:\Users\Sachin\source\repos\Original\Original\Source.cpp(262,54): warning C4244: 'argument': conversion from 'double' to 'GLfloat', possible loss of data
C:\Users\Sachin\source\repos\Original\Original\Source.cpp(263,58): warning C4244: 'argument': conversion from 'double' to 'GLfloat', possible loss of data
C:\Users\Sachin\source\repos\Original\Original\Source.cpp(264,58): warning C4244: 'argument': conversion from 'double' to 'GLfloat', possible loss of data
C:\Users\Sachin\source\repos\Original\Original\Source.cpp(265,54): warning C4244: 'argument': conversion from 'double' to 'GLfloat', possible loss of data
C:\Users\Sachin\source\repos\Original\Original\Source.cpp(272,1): warning C4305: 'argument': truncation from 'double' to 'GLfloat'
C:\Users\Sachin\source\repos\Original\Original\Source.cpp(273,1): warning C4305: 'argument': truncation from 'double' to 'GLfloat'
C:\Users\Sachin\source\repos\Original\Original\Source.cpp(274,1): warning C4305: 'argument': truncation from 'double' to 'GLfloat'
C:\Users\Sachin\source\repos\Original\Original\Source.cpp(275,1): warning C4305: 'argument': truncation from 'double' to 'GLfloat'
C:\Users\Sachin\source\repos\Original\Original\Source.cpp(278,56): warning C4244: 'argument': conversion from 'double' to 'GLfloat', possible loss of data
C:\Users\Sachin\source\repos\Original\Original\Source.cpp(279,60): warning C4244: 'argument': conversion from 'double' to 'GLfloat', possible loss of data
C:\Users\Sachin\source\repos\Original\Original\Source.cpp(280,59): warning C4244: 'argument': conversion from 'double' to 'GLfloat', possible loss of data
C:\Users\Sachin\source\repos\Original\Original\Source.cpp(281,55): warning C4244: 'argument': conversion from 'double' to 'GLfloat', possible loss of data
C:\Users\Sachin\source\repos\Original\Original\Source.cpp(289,1): warning C4305: 'argument': truncation from 'double' to 'GLfloat'
C:\Users\Sachin\source\repos\Original\Original\Source.cpp(290,1): warning C4305: 'argument': truncation from 'double' to 'GLfloat'
C:\Users\Sachin\source\repos\Original\Original\Source.cpp(291,1): warning C4305: 'argument': truncation from 'double' to 'GLfloat'
C:\Users\Sachin\source\repos\Original\Original\Source.cpp(292,1): warning C4305: 'argument': truncation from 'double' to 'GLfloat'
C:\Users\Sachin\source\repos\Original\Original\Source.cpp(298,1): warning C4305: 'argument': truncation from 'double' to 'GLfloat'
C:\Users\Sachin\source\repos\Original\Original\Source.cpp(299,1): warning C4305: 'argument': truncation from 'double' to 'GLfloat'
C:\Users\Sachin\source\repos\Original\Original\Source.cpp(318,1): warning C4305: 'argument': truncation from 'double' to 'GLfloat'
C:\Users\Sachin\source\repos\Original\Original\Source.cpp(319,1): warning C4305: 'argument': truncation from 'double' to 'GLfloat'
C:\Users\Sachin\source\repos\Original\Original\Source.cpp(320,1): warning C4305: 'argument': truncation from 'double' to 'GLfloat'
C:\Users\Sachin\source\repos\Original\Original\Source.cpp(321,1): warning C4305: 'argument': truncation from 'double' to 'GLfloat'
C:\Users\Sachin\source\repos\Original\Original\Source.cpp(324,48): warning C4244: 'argument': conversion from 'double' to 'GLfloat', possible loss of data
C:\Users\Sachin\source\repos\Original\Original\Source.cpp(325,48): warning C4244: 'argument': conversion from 'double' to 'GLfloat', possible loss of data
C:\Users\Sachin\source\repos\Original\Original\Source.cpp(326,48): warning C4244: 'argument': conversion from 'double' to 'GLfloat', possible loss of data
C:\Users\Sachin\source\repos\Original\Original\Source.cpp(327,48): warning C4244: 'argument': conversion from 'double' to 'GLfloat', possible loss of data
C:\Users\Sachin\source\repos\Original\Original\Source.cpp(334,1): warning C4305: 'argument': truncation from 'double' to 'GLfloat'
C:\Users\Sachin\source\repos\Original\Original\Source.cpp(335,1): warning C4305: 'argument': truncation from 'double' to 'GLfloat'
C:\Users\Sachin\source\repos\Original\Original\Source.cpp(336,1): warning C4305: 'argument': truncation from 'double' to 'GLfloat'
C:\Users\Sachin\source\repos\Original\Original\Source.cpp(337,1): warning C4305: 'argument': truncation from 'double' to 'GLfloat'
C:\Users\Sachin\source\repos\Original\Original\Source.cpp(340,48): warning C4244: 'argument': conversion from 'double' to 'GLfloat', possible loss of data
C:\Users\Sachin\source\repos\Original\Original\Source.cpp(341,48): warning C4244: 'argument': conversion from 'double' to 'GLfloat', possible loss of data
C:\Users\Sachin\source\repos\Original\Original\Source.cpp(342,48): warning C4244: 'argument': conversion from 'double' to 'GLfloat', possible loss of data
C:\Users\Sachin\source\repos\Original\Original\Source.cpp(343,48): warning C4244: 'argument': conversion from 'double' to 'GLfloat', possible loss of data
C:\Users\Sachin\source\repos\Original\Original\Source.cpp(354,36): warning C4244: 'argument': conversion from 'double' to 'GLfloat', possible loss of data
C:\Users\Sachin\source\repos\Original\Original\Source.cpp(355,36): warning C4244: 'argument': conversion from 'double' to 'GLfloat', possible loss of data
C:\Users\Sachin\source\repos\Original\Original\Source.cpp(356,36): warning C4244: 'argument': conversion from 'double' to 'GLfloat', possible loss of data
C:\Users\Sachin\source\repos\Original\Original\Source.cpp(357,36): warning C4244: 'argument': conversion from 'double' to 'GLfloat', possible loss of data
C:\Users\Sachin\source\repos\Original\Original\Source.cpp(364,1): warning C4305: 'argument': truncation from 'double' to 'GLfloat'
C:\Users\Sachin\source\repos\Original\Original\Source.cpp(365,1): warning C4305: 'argument': truncation from 'double' to 'GLfloat'
C:\Users\Sachin\source\repos\Original\Original\Source.cpp(376,1): warning C4305: 'argument': truncation from 'double' to 'GLfloat'
C:\Users\Sachin\source\repos\Original\Original\Source.cpp(377,1): warning C4305: 'argument': truncation from 'double' to 'GLfloat'
C:\Users\Sachin\source\repos\Original\Original\Source.cpp(378,1): warning C4305: 'argument': truncation from 'double' to 'GLfloat'
C:\Users\Sachin\source\repos\Original\Original\Source.cpp(379,1): warning C4305: 'argument': truncation from 'double' to 'GLfloat'
C:\Users\Sachin\source\repos\Original\Original\Source.cpp(386,1): warning C4305: 'argument': truncation from 'double' to 'GLfloat'
C:\Users\Sachin\source\repos\Original\Original\Source.cpp(387,1): warning C4305: 'argument': truncation from 'double' to 'GLfloat'
C:\Users\Sachin\source\repos\Original\Original\Source.cpp(402,60): warning C4244: 'argument': conversion from 'double' to 'GLfloat', possible loss of data
C:\Users\Sachin\source\repos\Original\Original\Source.cpp(402,41): warning C4244: 'argument': conversion from 'int' to 'GLfloat', possible loss of data
C:\Users\Sachin\source\repos\Original\Original\Source.cpp(403,60): warning C4244: 'argument': conversion from 'double' to 'GLfloat', possible loss of data
C:\Users\Sachin\source\repos\Original\Original\Source.cpp(403,41): warning C4244: 'argument': conversion from 'int' to 'GLfloat', possible loss of data
C:\Users\Sachin\source\repos\Original\Original\Source.cpp(404,47): warning C4244: 'argument': conversion from 'int' to 'GLfloat', possible loss of data
C:\Users\Sachin\source\repos\Original\Original\Source.cpp(404,40): warning C4244: 'argument': conversion from 'double' to 'GLfloat', possible loss of data
C:\Users\Sachin\source\repos\Original\Original\Source.cpp(405,47): warning C4244: 'argument': conversion from 'int' to 'GLfloat', possible loss of data
C:\Users\Sachin\source\repos\Original\Original\Source.cpp(405,40): warning C4244: 'argument': conversion from 'double' to 'GLfloat', possible loss of data
C:\Users\Sachin\source\repos\Original\Original\Source.cpp(406,60): warning C4244: 'argument': conversion from 'double' to 'GLfloat', possible loss of data
C:\Users\Sachin\source\repos\Original\Original\Source.cpp(406,41): warning C4244: 'argument': conversion from 'int' to 'GLfloat', possible loss of data
C:\Users\Sachin\source\repos\Original\Original\Source.cpp(407,60): warning C4244: 'argument': conversion from 'double' to 'GLfloat', possible loss of data
C:\Users\Sachin\source\repos\Original\Original\Source.cpp(407,41): warning C4244: 'argument': conversion from 'int' to 'GLfloat', possible loss of data
C:\Users\Sachin\source\repos\Original\Original\Source.cpp(408,47): warning C4244: 'argument': conversion from 'int' to 'GLfloat', possible loss of data
C:\Users\Sachin\source\repos\Original\Original\Source.cpp(408,40): warning C4244: 'argument': conversion from 'double' to 'GLfloat', possible loss of data
C:\Users\Sachin\source\repos\Original\Original\Source.cpp(409,47): warning C4244: 'argument': conversion from 'int' to 'GLfloat', possible loss of data
C:\Users\Sachin\source\repos\Original\Original\Source.cpp(409,40): warning C4244: 'argument': conversion from 'double' to 'GLfloat', possible loss of data
C:\Users\Sachin\source\repos\Original\Original\Source.cpp(427,15): warning C4244: '=': conversion from 'double' to 'float', possible loss of data
C:\Users\Sachin\source\repos\Original\Original\Source.cpp(428,21): warning C4244: '=': conversion from 'double' to 'float', possible loss of data
C:\Users\Sachin\source\repos\Original\Original\Source.cpp(429,21): warning C4244: '=': conversion from 'double' to 'float', possible loss of data
C:\Users\Sachin\source\repos\Original\Original\Source.cpp(446,1): warning C4305: '=': truncation from 'double' to 'float'
C:\Users\Sachin\source\repos\Original\Original\Source.cpp(447,1): warning C4305: '=': truncation from 'double' to 'float'
C:\Users\Sachin\source\repos\Original\Original\Source.cpp(448,1): warning C4305: '=': truncation from 'double' to 'float'
C:\Users\Sachin\source\repos\Original\Original\Source.cpp(449,1): warning C4305: '=': truncation from 'double' to 'float'
C:\Users\Sachin\source\repos\Original\Original\Source.cpp(450,1): warning C4305: '=': truncation from 'double' to 'float'
C:\Users\Sachin\source\repos\Original\Original\Source.cpp(451,1): warning C4305: '=': truncation from 'double' to 'float'
C:\Users\Sachin\source\repos\Original\Original\Source.cpp(452,1): warning C4305: '=': truncation from 'double' to 'float'
C:\Users\Sachin\source\repos\Original\Original\Source.cpp(453,1): warning C4305: '=': truncation from 'double' to 'float'
C:\Users\Sachin\source\repos\Original\Original\Source.cpp(458,1): warning C4305: 'argument': truncation from 'double' to 'GLfloat'
C:\Users\Sachin\source\repos\Original\Original\Source.cpp(459,1): warning C4305: 'argument': truncation from 'double' to 'GLfloat'
C:\Users\Sachin\source\repos\Original\Original\Source.cpp(466,1): warning C4305: 'argument': truncation from 'double' to 'GLfloat'
C:\Users\Sachin\source\repos\Original\Original\Source.cpp(476,1): warning C4305: 'argument': truncation from 'double' to 'GLfloat'
C:\Users\Sachin\source\repos\Original\Original\Source.cpp(485,1): warning C4305: 'argument': truncation from 'double' to 'GLfloat'
C:\Users\Sachin\source\repos\Original\Original\Source.cpp(489,1): warning C4305: 'argument': truncation from 'double' to 'GLfloat'
C:\Users\Sachin\source\repos\Original\Original\Source.cpp(512,35): warning C4244: '+=': conversion from 'double' to 'float', possible loss of data
C:\Users\Sachin\source\repos\Original\Original\Source.cpp(513,35): warning C4244: '+=': conversion from 'double' to 'float', possible loss of data
C:\Users\Sachin\source\repos\Original\Original\Source.cpp(515,35): warning C4305: '+=': truncation from 'double' to 'float'
C:\Users\Sachin\source\repos\Original\Original\Source.cpp(516,33): warning C4305: '-=': truncation from 'double' to 'float'
C:\Users\Sachin\source\repos\Original\Original\Source.cpp(523,34): warning C4305: 'argument': truncation from 'double' to 'GLfloat'
C:\Users\Sachin\source\repos\Original\Original\Source.cpp(525,28): warning C4305: 'argument': truncation from 'double' to 'GLfloat'
C:\Users\Sachin\source\repos\Original\Original\Source.cpp(526,29): warning C4305: 'argument': truncation from 'double' to 'GLfloat'
C:\Users\Sachin\source\repos\Original\Original\Source.cpp(527,29): warning C4305: 'argument': truncation from 'double' to 'GLfloat'
C:\Users\Sachin\source\repos\Original\Original\Source.cpp(528,28): warning C4305: 'argument': truncation from 'double' to 'GLfloat'
C:\Users\Sachin\source\repos\Original\Original\Source.cpp(531,28): warning C4305: 'argument': truncation from 'double' to 'GLfloat'
C:\Users\Sachin\source\repos\Original\Original\Source.cpp(532,28): warning C4305: 'argument': truncation from 'double' to 'GLfloat'
C:\Users\Sachin\source\repos\Original\Original\Source.cpp(533,28): warning C4305: 'argument': truncation from 'double' to 'GLfloat'
C:\Users\Sachin\source\repos\Original\Original\Source.cpp(534,28): warning C4305: 'argument': truncation from 'double' to 'GLfloat'
C:\Users\Sachin\source\repos\Original\Original\Source.cpp(537,28): warning C4305: 'argument': truncation from 'double' to 'GLfloat'
C:\Users\Sachin\source\repos\Original\Original\Source.cpp(538,28): warning C4305: 'argument': truncation from 'double' to 'GLfloat'
C:\Users\Sachin\source\repos\Original\Original\Source.cpp(539,28): warning C4305: 'argument': truncation from 'double' to 'GLfloat'
C:\Users\Sachin\source\repos\Original\Original\Source.cpp(540,28): warning C4305: 'argument': truncation from 'double' to 'GLfloat'
C:\Users\Sachin\source\repos\Original\Original\Source.cpp(543,28): warning C4305: 'argument': truncation from 'double' to 'GLfloat'
C:\Users\Sachin\source\repos\Original\Original\Source.cpp(544,28): warning C4305: 'argument': truncation from 'double' to 'GLfloat'
C:\Users\Sachin\source\repos\Original\Original\Source.cpp(545,27): warning C4305: 'argument': truncation from 'double' to 'GLfloat'
C:\Users\Sachin\source\repos\Original\Original\Source.cpp(546,27): warning C4305: 'argument': truncation from 'double' to 'GLfloat'
C:\Users\Sachin\source\repos\Original\Original\Source.cpp(549,27): warning C4305: 'argument': truncation from 'double' to 'GLfloat'
C:\Users\Sachin\source\repos\Original\Original\Source.cpp(550,28): warning C4305: 'argument': truncation from 'double' to 'GLfloat'
C:\Users\Sachin\source\repos\Original\Original\Source.cpp(551,28): warning C4305: 'argument': truncation from 'double' to 'GLfloat'
C:\Users\Sachin\source\repos\Original\Original\Source.cpp(552,27): warning C4305: 'argument': truncation from 'double' to 'GLfloat'
C:\Users\Sachin\source\repos\Original\Original\Source.cpp(555,28): warning C4305: 'argument': truncation from 'double' to 'GLfloat'
C:\Users\Sachin\source\repos\Original\Original\Source.cpp(556,29): warning C4305: 'argument': truncation from 'double' to 'GLfloat'
C:\Users\Sachin\source\repos\Original\Original\Source.cpp(557,28): warning C4305: 'argument': truncation from 'double' to 'GLfloat'
C:\Users\Sachin\source\repos\Original\Original\Source.cpp(558,27): warning C4305: 'argument': truncation from 'double' to 'GLfloat'
C:\Users\Sachin\source\repos\Original\Original\Source.cpp(572,34): warning C4305: 'argument': truncation from 'double' to 'GLfloat'
C:\Users\Sachin\source\repos\Original\Original\Source.cpp(578,48): warning C4244: '+=': conversion from 'double' to 'int', possible loss of data
C:\Users\Sachin\source\repos\Original\Original\Source.cpp(578,59): warning C4305: '+=': truncation from 'double' to 'float'
C:\Users\Sachin\source\repos\Original\Original\Source.cpp(580,31): warning C4305: 'argument': truncation from 'double' to 'GLfloat'
C:\Users\Sachin\source\repos\Original\Original\Source.cpp(581,47): warning C4244: 'argument': conversion from 'double' to 'GLfloat', possible loss of data
C:\Users\Sachin\source\repos\Original\Original\Source.cpp(581,36): warning C4244: 'argument': conversion from 'double' to 'GLfloat', possible loss of data
C:\Users\Sachin\source\repos\Original\Original\Source.cpp(581,25): warning C4244: 'argument': conversion from 'double' to 'GLfloat', possible loss of data
C:\Users\Sachin\source\repos\Original\Original\Source.cpp(614,33): warning C4305: 'argument': truncation from 'double' to 'GLfloat'
C:\Users\Sachin\source\repos\Original\Original\Source.cpp(616,30): warning C4305: 'argument': truncation from 'double' to 'GLfloat'
C:\Users\Sachin\source\repos\Original\Original\Source.cpp(850,34): warning C4305: 'argument': truncation from 'double' to 'GLfloat'
C:\Users\Sachin\source\repos\Original\Original\Source.cpp(857,34): warning C4305: 'argument': truncation from 'double' to 'GLfloat'
C:\Users\Sachin\source\repos\Original\Original\Source.cpp(864,34): warning C4305: 'argument': truncation from 'double' to 'GLfloat'
C:\Users\Sachin\source\repos\Original\Original\Source.cpp(871,34): warning C4305: 'argument': truncation from 'double' to 'GLfloat'
C:\Users\Sachin\source\repos\Original\Original\Source.cpp(878,34): warning C4305: 'argument': truncation from 'double' to 'GLfloat'
C:\Users\Sachin\source\repos\Original\Original\Source.cpp(885,34): warning C4305: 'argument': truncation from 'double' to 'GLfloat'
C:\Users\Sachin\source\repos\Original\Original\Source.cpp(894,34): warning C4305: 'argument': truncation from 'double' to 'GLfloat'
C:\Users\Sachin\source\repos\Original\Original\Source.cpp(902,34): warning C4305: 'argument': truncation from 'double' to 'GLfloat'
C:\Users\Sachin\source\repos\Original\Original\Source.cpp(910,34): warning C4305: 'argument': truncation from 'double' to 'GLfloat'
C:\Users\Sachin\source\repos\Original\Original\Source.cpp(918,34): warning C4305: 'argument': truncation from 'double' to 'GLfloat'
C:\Users\Sachin\source\repos\Original\Original\Source.cpp(930,30): warning C4305: 'argument': truncation from 'double' to 'GLfloat'
C:\Users\Sachin\source\repos\Original\Original\Source.cpp(937,30): warning C4305: 'argument': truncation from 'double' to 'GLfloat'
C:\Users\Sachin\source\repos\Original\Original\Source.cpp(944,30): warning C4305: 'argument': truncation from 'double' to 'GLfloat'
C:\Users\Sachin\source\repos\Original\Original\Source.cpp(951,30): warning C4305: 'argument': truncation from 'double' to 'GLfloat'
C:\Users\Sachin\source\repos\Original\Original\Source.cpp(958,30): warning C4305: 'argument': truncation from 'double' to 'GLfloat'
C:\Users\Sachin\source\repos\Original\Original\Source.cpp(965,30): warning C4305: 'argument': truncation from 'double' to 'GLfloat'
C:\Users\Sachin\source\repos\Original\Original\Source.cpp(995,32): warning C4305: 'argument': truncation from 'double' to 'GLfloat'
C:\Users\Sachin\source\repos\Original\Original\Source.cpp(997,30): warning C4305: 'argument': truncation from 'double' to 'GLfloat'
C:\Users\Sachin\source\repos\Original\Original\Source.cpp(1005,32): warning C4305: 'argument': truncation from 'double' to 'GLfloat'
C:\Users\Sachin\source\repos\Original\Original\Source.cpp(1007,30): warning C4305: 'argument': truncation from 'double' to 'GLfloat'
C:\Users\Sachin\source\repos\Original\Original\Source.cpp(1017,33): warning C4305: 'argument': truncation from 'double' to 'GLfloat'
C:\Users\Sachin\source\repos\Original\Original\Source.cpp(1027,30): warning C4305: 'argument': truncation from 'double' to 'GLfloat'
C:\Users\Sachin\source\repos\Original\Original\Source.cpp(1037,33): warning C4305: 'argument': truncation from 'double' to 'GLfloat'
C:\Users\Sachin\source\repos\Original\Original\Source.cpp(1047,30): warning C4305: 'argument': truncation from 'double' to 'GLfloat'
C:\Users\Sachin\source\repos\Original\Original\Source.cpp(1057,30): warning C4305: 'argument': truncation from 'double' to 'GLfloat'
C:\Users\Sachin\source\repos\Original\Original\Source.cpp(1067,30): warning C4305: 'argument': truncation from 'double' to 'GLfloat'
C:\Users\Sachin\source\repos\Original\Original\Source.cpp(1077,30): warning C4305: 'argument': truncation from 'double' to 'GLfloat'
C:\Users\Sachin\source\repos\Original\Original\Source.cpp(1087,30): warning C4305: 'argument': truncation from 'double' to 'GLfloat'
C:\Users\Sachin\source\repos\Original\Original\Source.cpp(1097,30): warning C4305: 'argument': truncation from 'double' to 'GLfloat'
C:\Users\Sachin\source\repos\Original\Original\Source.cpp(1107,30): warning C4305: 'argument': truncation from 'double' to 'GLfloat'
C:\Users\Sachin\source\repos\Original\Original\Source.cpp(1117,30): warning C4305: 'argument': truncation from 'double' to 'GLfloat'
C:\Users\Sachin\source\repos\Original\Original\Source.cpp(1127,30): warning C4305: 'argument': truncation from 'double' to 'GLfloat'
C:\Users\Sachin\source\repos\Original\Original\Source.cpp(1137,30): warning C4305: 'argument': truncation from 'double' to 'GLfloat'
C:\Users\Sachin\source\repos\Original\Original\Source.cpp(1147,30): warning C4305: 'argument': truncation from 'double' to 'GLfloat'
C:\Users\Sachin\source\repos\Original\Original\Source.cpp(1157,30): warning C4305: 'argument': truncation from 'double' to 'GLfloat'
C:\Users\Sachin\source\repos\Original\Original\Source.cpp(1171,32): warning C4305: 'argument': truncation from 'double' to 'GLclampf'
C:\Users\Sachin\source\repos\Original\Original\Source.cpp(1202,23): warning C4244: 'argument': conversion from 'int' to 'GLfloat', possible loss of data
C:\Users\Sachin\source\repos\Original\Original\Source.cpp(1208,22): warning C4244: 'argument': conversion from 'int' to 'GLfloat', possible loss of data
C:\Users\Sachin\source\repos\Original\Original\Source.cpp(1243,38): warning C4305: '=': truncation from 'double' to 'float'
C:\Users\Sachin\source\repos\Original\Original\Source.cpp(1263,39): warning C4244: '=': conversion from 'double' to 'float', possible loss of data
C:\Users\Sachin\source\repos\Original\Original\Source.cpp(1265,17): warning C4244: '=': conversion from 'double' to 'float', possible loss of data
C:\Users\Sachin\source\repos\Original\Original\Source.cpp(1266,14): warning C4244: '=': conversion from 'double' to 'float', possible loss of data
  Original.vcxproj -> C:\Users\Sachin\source\repos\Original\Debug\Original.exe
